<?xml version="1.0" encoding="UTF-8"?>
<!-- Generated by org.testng.reporters.JUnitXMLReporter -->
<testsuite ignored="0" hostname="LAPTOP-MQFNKRVO" failures="1" tests="4" name="Chrome" time="84.947" errors="0" timestamp="2026-04-16T19:03:40 IST">
  <testcase classname="testcase.Signin" name="login" time="12.99"/>
  <testcase classname="testcase.Signin" name="login" time="16.716"/>
  <testcase classname="testcase.Signin" name="login" time="23.782">
    <failure type="java.lang.AssertionError" message="expected [true] but found [false]">
      <![CDATA[java.lang.AssertionError: expected [true] but found [false]
at testcase.Signin.login(Signin.java:81)
at java.base/java.util.ArrayList.forEach(ArrayList.java:1596)
... Removed 29 stack frames]]>
    </failure>
  </testcase> <!-- login -->
  <testcase classname="testcase.Signin" name="login" time="14.702"/>
</testsuite> <!-- Chrome -->
