<?xml version="1.0" encoding="UTF-8"?>
<!-- Generated by org.testng.reporters.JUnitXMLReporter -->
<testsuite ignored="0" hostname="LAPTOP-MQFNKRVO" failures="1" tests="4" name="Edge" time="84.251" errors="0" timestamp="2026-04-16T19:05:04 IST">
  <testcase classname="testcase.Signin" name="login" time="11.468"/>
  <testcase classname="testcase.Signin" name="login" time="13.869"/>
  <testcase classname="testcase.Signin" name="login" time="24.738">
    <failure type="java.lang.AssertionError" message="expected [true] but found [false]">
      <![CDATA[java.lang.AssertionError: expected [true] but found [false]
at testcase.Signin.login(Signin.java:81)
at java.base/java.util.ArrayList.forEach(ArrayList.java:1596)
... Removed 29 stack frames]]>
    </failure>
  </testcase> <!-- login -->
  <testcase classname="testcase.Signin" name="login" time="0.0">
    <skipped/>
  </testcase> <!-- login -->
</testsuite> <!-- Edge -->
