<?xml version="1.0" encoding="UTF-8"?>
<!-- Generated by org.testng.reporters.JUnitXMLReporter -->
<testsuite ignored="0" hostname="LAPTOP-MQFNKRVO" failures="1" tests="4" name="Test" time="80.571" errors="0" timestamp="2026-04-16T19:07:33 IST">
  <testcase classname="testcase.Signin" name="login" time="14.406"/>
  <testcase classname="testcase.Signin" name="login" time="16.533"/>
  <testcase classname="testcase.Signin" name="login" time="19.277">
    <failure type="java.lang.AssertionError" message="expected [true] but found [false]">
      <![CDATA[java.lang.AssertionError: expected [true] but found [false]
at testcase.Signin.login(Signin.java:81)
at java.base/java.util.ArrayList.forEach(ArrayList.java:1596)
... Removed 29 stack frames]]>
    </failure>
  </testcase> <!-- login -->
  <testcase classname="testcase.Signin" name="login" time="14.611"/>
</testsuite> <!-- Test -->
