<?xml version="1.0" encoding="UTF-8"?>
<testng-results ignored="0" total="1" passed="1" failed="0" skipped="0">
  <reporter-output>
  </reporter-output>
  <suite started-at="2026-04-16T19:14:39 IST" name="Failed suite [Suite]" finished-at="2026-04-16T19:15:06 IST" duration-ms="27757">
    <groups>
    </groups>
    <test started-at="2026-04-16T19:14:39 IST" name="Test(failed)" finished-at="2026-04-16T19:15:06 IST" duration-ms="27757">
      <class name="testcase.Signin">
        <test-method is-config="true" signature="setup()[pri:0, instance:testcase.Signin@68746f22]" started-at="2026-04-16T19:14:40 IST" name="setup" finished-at="2026-04-16T19:14:45 IST" duration-ms="4994" status="PASS">
          <reporter-output>
          </reporter-output>
        </test-method> <!-- setup -->
        <test-method signature="login(java.lang.String,java.lang.String,java.lang.String)[pri:1, instance:testcase.Signin@68746f22]" started-at="2026-04-16T19:14:45 IST" name="login" data-provider="sheet1" finished-at="2026-04-16T19:15:05 IST" duration-ms="20322" status="PASS">
          <params>
            <param index="0">
              <value>
                <![CDATA[invalid@gmail.com]]>
              </value>
            </param>
            <param index="1">
              <value>
                <![CDATA[Test@123]]>
              </value>
            </param>
            <param index="2">
              <value>
                <![CDATA[Login Failed]]>
              </value>
            </param>
          </params>
          <reporter-output>
          </reporter-output>
        </test-method> <!-- login -->
        <test-method is-config="true" signature="teardown()[pri:0, instance:testcase.Signin@68746f22]" started-at="2026-04-16T19:15:05 IST" name="teardown" finished-at="2026-04-16T19:15:06 IST" duration-ms="1255" status="PASS">
          <reporter-output>
          </reporter-output>
        </test-method> <!-- teardown -->
      </class> <!-- testcase.Signin -->
    </test> <!-- Test(failed) -->
  </suite> <!-- Failed suite [Suite] -->
</testng-results>
